# JRE version: OpenJDK Runtime Environment Temurin-21.0.9+10 (21.0.9+10) (build 21.0.9+10-LTS)
# Java VM: OpenJDK 64-Bit Server VM Temurin-21.0.9+10 (21.0.9+10-LTS, mixed mode, sharing, tiered, compressed oops, compressed class ptrs, parallel gc, windows-amd64)
GC Precious Log:
 CardTable entry size: 512
 CPUs: 16 total, 16 available
 Memory: 16202M
 Large Page Support: Disabled
 NUMA Support: Disabled
 Compressed Oops: Enabled (32-bit)
 Alignments: Space 512K, Generation 512K, Heap 2M
 Heap Min Capacity: 100M
 Heap Initial Capacity: 100M
 Heap Max Capacity: 2G
 Pre-touch: Disabled
 Parallel Workers: 13
Heap:
 PSYoungGen      total 19968K, used 7486K [0x00000000d5580000, 0x00000000d6a00000, 0x0000000100000000)
  eden space 18944K, 34% used [0x00000000d5580000,0x00000000d5bf76b8,0x00000000d6800000)
  from space 1024K, 84% used [0x00000000d6900000,0x00000000d69d82b0,0x00000000d6a00000)
  to   space 1024K, 0% used [0x00000000d6800000,0x00000000d6800000,0x00000000d6900000)
 ParOldGen       total 68608K, used 43526K [0x0000000080000000, 0x0000000084300000, 0x00000000d5580000)
  object space 68608K, 63% used [0x0000000080000000,0x0000000082a81a20,0x0000000084300000)
 Metaspace       used 65884K, committed 67392K, reserved 1114112K
  class space    used 8348K, committed 9024K, reserved 1048576K
GC Heap History (20 events):
Event: 10.873 GC heap before
{Heap before GC invocations=42 (full 3):
 PSYoungGen      total 20480K, used 19875K [0x00000000d5580000, 0x00000000d6b00000, 0x0000000100000000)
  eden space 18944K, 100% used [0x00000000d5580000,0x00000000d6800000,0x00000000d6800000)
  from space 1536K, 60% used [0x00000000d6980000,0x00000000d6a68fd0,0x00000000d6b00000)
  to   space 1536K, 0% used [0x00000000d6800000,0x00000000d6800000,0x00000000d6980000)
 ParOldGen       total 68608K, used 40298K [0x0000000080000000, 0x0000000084300000, 0x00000000d5580000)
  object space 68608K, 58% used [0x0000000080000000,0x000000008275ab78,0x0000000084300000)
 Metaspace       used 60068K, committed 61440K, reserved 1114112K
  class space    used 7584K, committed 8192K, reserved 1048576K
}
Event: 10.873 GC heap after
{Heap after GC invocations=42 (full 3):
 PSYoungGen      total 19968K, used 528K [0x00000000d5580000, 0x00000000d6a00000, 0x0000000100000000)
  eden space 18944K, 0% used [0x00000000d5580000,0x00000000d5580000,0x00000000d6800000)
  from space 1024K, 51% used [0x00000000d6800000,0x00000000d6884248,0x00000000d6900000)
  to   space 1024K, 0% used [0x00000000d6900000,0x00000000d6900000,0x00000000d6a00000)
 ParOldGen       total 68608K, used 40338K [0x0000000080000000, 0x0000000084300000, 0x00000000d5580000)
  object space 68608K, 58% used [0x0000000080000000,0x0000000082764b78,0x0000000084300000)
 Metaspace       used 60068K, committed 61440K, reserved 1114112K
  class space    used 7584K, committed 8192K, reserved 1048576K
}
Event: 10.983 GC heap before
{Heap before GC invocations=43 (full 3):
 PSYoungGen      total 19968K, used 19472K [0x00000000d5580000, 0x00000000d6a00000, 0x0000000100000000)
  eden space 18944K, 100% used [0x00000000d5580000,0x00000000d6800000,0x00000000d6800000)
  from space 1024K, 51% used [0x00000000d6800000,0x00000000d6884248,0x00000000d6900000)
  to   space 1024K, 0% used [0x00000000d6900000,0x00000000d6900000,0x00000000d6a00000)
 ParOldGen       total 68608K, used 40338K [0x0000000080000000, 0x0000000084300000, 0x00000000d5580000)
  object space 68608K, 58% used [0x0000000080000000,0x0000000082764b78,0x0000000084300000)
 Metaspace       used 60068K, committed 61440K, reserved 1114112K
  class space    used 7584K, committed 8192K, reserved 1048576K
}
Event: 10.983 GC heap after
{Heap after GC invocations=43 (full 3):
 PSYoungGen      total 19456K, used 288K [0x00000000d5580000, 0x00000000d6980000, 0x0000000100000000)
  eden space 18944K, 0% used [0x00000000d5580000,0x00000000d5580000,0x00000000d6800000)
  from space 512K, 56% used [0x00000000d6900000,0x00000000d6948000,0x00000000d6980000)
  to   space 512K, 0% used [0x00000000d6880000,0x00000000d6880000,0x00000000d6900000)
 ParOldGen       total 68608K, used 40378K [0x0000000080000000, 0x0000000084300000, 0x00000000d5580000)
  object space 68608K, 58% used [0x0000000080000000,0x000000008276eb78,0x0000000084300000)
 Metaspace       used 60068K, committed 61440K, reserved 1114112K
  class space    used 7584K, committed 8192K, reserved 1048576K
}
Event: 11.077 GC heap before
{Heap before GC invocations=44 (full 3):
 PSYoungGen      total 19456K, used 19232K [0x00000000d5580000, 0x00000000d6980000, 0x0000000100000000)
  eden space 18944K, 100% used [0x00000000d5580000,0x00000000d6800000,0x00000000d6800000)
  from space 512K, 56% used [0x00000000d6900000,0x00000000d6948000,0x00000000d6980000)
  to   space 512K, 0% used [0x00000000d6880000,0x00000000d6880000,0x00000000d6900000)
 ParOldGen       total 68608K, used 40378K [0x0000000080000000, 0x0000000084300000, 0x00000000d5580000)
  object space 68608K, 58% used [0x0000000080000000,0x000000008276eb78,0x0000000084300000)
 Metaspace       used 60068K, committed 61440K, reserved 1114112K
  class space    used 7584K, committed 8192K, reserved 1048576K
}
Event: 11.078 GC heap after
{Heap after GC invocations=44 (full 3):
 PSYoungGen      total 19456K, used 496K [0x00000000d5580000, 0x00000000d6a00000, 0x0000000100000000)
  eden space 18944K, 0% used [0x00000000d5580000,0x00000000d5580000,0x00000000d6800000)
  from space 512K, 96% used [0x00000000d6880000,0x00000000d68fc0d0,0x00000000d6900000)
  to   space 1024K, 0% used [0x00000000d6900000,0x00000000d6900000,0x00000000d6a00000)
 ParOldGen       total 68608K, used 40550K [0x0000000080000000, 0x0000000084300000, 0x00000000d5580000)
  object space 68608K, 59% used [0x0000000080000000,0x0000000082799878,0x0000000084300000)
 Metaspace       used 60068K, committed 61440K, reserved 1114112K
  class space    used 7584K, committed 8192K, reserved 1048576K
}
Event: 11.341 GC heap before
{Heap before GC invocations=45 (full 3):
 PSYoungGen      total 19456K, used 19440K [0x00000000d5580000, 0x00000000d6a00000, 0x0000000100000000)
  eden space 18944K, 100% used [0x00000000d5580000,0x00000000d6800000,0x00000000d6800000)
  from space 512K, 96% used [0x00000000d6880000,0x00000000d68fc0d0,0x00000000d6900000)
  to   space 1024K, 0% used [0x00000000d6900000,0x00000000d6900000,0x00000000d6a00000)
 ParOldGen       total 68608K, used 40550K [0x0000000080000000, 0x0000000084300000, 0x00000000d5580000)
  object space 68608K, 59% used [0x0000000080000000,0x0000000082799878,0x0000000084300000)
 Metaspace       used 61866K, committed 63296K, reserved 1114112K
  class space    used 7870K, committed 8512K, reserved 1048576K
}
Event: 11.342 GC heap after
{Heap after GC invocations=45 (full 3):
 PSYoungGen      total 19968K, used 832K [0x00000000d5580000, 0x00000000d6a00000, 0x0000000100000000)
  eden space 18944K, 0% used [0x00000000d5580000,0x00000000d5580000,0x00000000d6800000)
  from space 1024K, 81% used [0x00000000d6900000,0x00000000d69d0000,0x00000000d6a00000)
  to   space 1024K, 0% used [0x00000000d6800000,0x00000000d6800000,0x00000000d6900000)
 ParOldGen       total 68608K, used 40614K [0x0000000080000000, 0x0000000084300000, 0x00000000d5580000)
  object space 68608K, 59% used [0x0000000080000000,0x00000000827a9888,0x0000000084300000)
 Metaspace       used 61866K, committed 63296K, reserved 1114112K
  class space    used 7870K, committed 8512K, reserved 1048576K
}
Event: 11.957 GC heap before
{Heap before GC invocations=46 (full 3):
 PSYoungGen      total 19968K, used 19776K [0x00000000d5580000, 0x00000000d6a00000, 0x0000000100000000)
  eden space 18944K, 100% used [0x00000000d5580000,0x00000000d6800000,0x00000000d6800000)
  from space 1024K, 81% used [0x00000000d6900000,0x00000000d69d0000,0x00000000d6a00000)
  to   space 1024K, 0% used [0x00000000d6800000,0x00000000d6800000,0x00000000d6900000)
 ParOldGen       total 68608K, used 40614K [0x0000000080000000, 0x0000000084300000, 0x00000000d5580000)
  object space 68608K, 59% used [0x0000000080000000,0x00000000827a9888,0x0000000084300000)
 Metaspace       used 63220K, committed 64704K, reserved 1114112K
  class space    used 8037K, committed 8640K, reserved 1048576K
}
Event: 11.958 GC heap after
{Heap after GC invocations=46 (full 3):
 PSYoungGen      total 19968K, used 848K [0x00000000d5580000, 0x00000000d6a00000, 0x0000000100000000)
  eden space 18944K, 0% used [0x00000000d5580000,0x00000000d5580000,0x00000000d6800000)
  from space 1024K, 82% used [0x00000000d6800000,0x00000000d68d4020,0x00000000d6900000)
  to   space 1024K, 0% used [0x00000000d6900000,0x00000000d6900000,0x00000000d6a00000)
 ParOldGen       total 68608K, used 41190K [0x0000000080000000, 0x0000000084300000, 0x00000000d5580000)
  object space 68608K, 60% used [0x0000000080000000,0x00000000828398a8,0x0000000084300000)
 Metaspace       used 63220K, committed 64704K, reserved 1114112K
  class space    used 8037K, committed 8640K, reserved 1048576K
}
Event: 13.631 GC heap before
{Heap before GC invocations=47 (full 3):
 PSYoungGen      total 19968K, used 19792K [0x00000000d5580000, 0x00000000d6a00000, 0x0000000100000000)
  eden space 18944K, 100% used [0x00000000d5580000,0x00000000d6800000,0x00000000d6800000)
  from space 1024K, 82% used [0x00000000d6800000,0x00000000d68d4020,0x00000000d6900000)
  to   space 1024K, 0% used [0x00000000d6900000,0x00000000d6900000,0x00000000d6a00000)
 ParOldGen       total 68608K, used 41190K [0x0000000080000000, 0x0000000084300000, 0x00000000d5580000)
  object space 68608K, 60% used [0x0000000080000000,0x00000000828398a8,0x0000000084300000)
 Metaspace       used 63786K, committed 65280K, reserved 1114112K
  class space    used 8118K, committed 8768K, reserved 1048576K
}
Event: 13.633 GC heap after
{Heap after GC invocations=47 (full 3):
 PSYoungGen      total 19968K, used 971K [0x00000000d5580000, 0x00000000d6a00000, 0x0000000100000000)
  eden space 18944K, 0% used [0x00000000d5580000,0x00000000d5580000,0x00000000d6800000)
  from space 1024K, 94% used [0x00000000d6900000,0x00000000d69f2d28,0x00000000d6a00000)
  to   space 1024K, 0% used [0x00000000d6800000,0x00000000d6800000,0x00000000d6900000)
 ParOldGen       total 68608K, used 41830K [0x0000000080000000, 0x0000000084300000, 0x00000000d5580000)
  object space 68608K, 60% used [0x0000000080000000,0x00000000828d98b8,0x0000000084300000)
 Metaspace       used 63786K, committed 65280K, reserved 1114112K
  class space    used 8118K, committed 8768K, reserved 1048576K
}
Event: 16.987 GC heap before
{Heap before GC invocations=48 (full 3):
 PSYoungGen      total 19968K, used 19915K [0x00000000d5580000, 0x00000000d6a00000, 0x0000000100000000)
  eden space 18944K, 100% used [0x00000000d5580000,0x00000000d6800000,0x00000000d6800000)
  from space 1024K, 94% used [0x00000000d6900000,0x00000000d69f2d28,0x00000000d6a00000)
  to   space 1024K, 0% used [0x00000000d6800000,0x00000000d6800000,0x00000000d6900000)
 ParOldGen       total 68608K, used 41830K [0x0000000080000000, 0x0000000084300000, 0x00000000d5580000)
  object space 68608K, 60% used [0x0000000080000000,0x00000000828d98b8,0x0000000084300000)
 Metaspace       used 63930K, committed 65408K, reserved 1114112K
  class space    used 8134K, committed 8768K, reserved 1048576K
}
Event: 16.988 GC heap after
{Heap after GC invocations=48 (full 3):
 PSYoungGen      total 19968K, used 512K [0x00000000d5580000, 0x00000000d6a00000, 0x0000000100000000)
  eden space 18944K, 0% used [0x00000000d5580000,0x00000000d5580000,0x00000000d6800000)
  from space 1024K, 50% used [0x00000000d6800000,0x00000000d6880000,0x00000000d6900000)
  to   space 1024K, 0% used [0x00000000d6900000,0x00000000d6900000,0x00000000d6a00000)
 ParOldGen       total 68608K, used 42672K [0x0000000080000000, 0x0000000084300000, 0x00000000d5580000)
  object space 68608K, 62% used [0x0000000080000000,0x00000000829ac240,0x0000000084300000)
 Metaspace       used 63930K, committed 65408K, reserved 1114112K
  class space    used 8134K, committed 8768K, reserved 1048576K
}
Event: 18.644 GC heap before
{Heap before GC invocations=49 (full 3):
 PSYoungGen      total 19968K, used 19456K [0x00000000d5580000, 0x00000000d6a00000, 0x0000000100000000)
  eden space 18944K, 100% used [0x00000000d5580000,0x00000000d6800000,0x00000000d6800000)
  from space 1024K, 50% used [0x00000000d6800000,0x00000000d6880000,0x00000000d6900000)
  to   space 1024K, 0% used [0x00000000d6900000,0x00000000d6900000,0x00000000d6a00000)
 ParOldGen       total 68608K, used 42672K [0x0000000080000000, 0x0000000084300000, 0x00000000d5580000)
  object space 68608K, 62% used [0x0000000080000000,0x00000000829ac240,0x0000000084300000)
 Metaspace       used 63996K, committed 65408K, reserved 1114112K
  class space    used 8145K, committed 8768K, reserved 1048576K
}
Event: 18.645 GC heap after
{Heap after GC invocations=49 (full 3):
 PSYoungGen      total 19456K, used 416K [0x00000000d5580000, 0x00000000d6980000, 0x0000000100000000)
  eden space 18944K, 0% used [0x00000000d5580000,0x00000000d5580000,0x00000000d6800000)
  from space 512K, 81% used [0x00000000d6900000,0x00000000d6968000,0x00000000d6980000)
  to   space 512K, 0% used [0x00000000d6880000,0x00000000d6880000,0x00000000d6900000)
 ParOldGen       total 68608K, used 42816K [0x0000000080000000, 0x0000000084300000, 0x00000000d5580000)
  object space 68608K, 62% used [0x0000000080000000,0x00000000829d0240,0x0000000084300000)
 Metaspace       used 63996K, committed 65408K, reserved 1114112K
  class space    used 8145K, committed 8768K, reserved 1048576K
}
Event: 20.633 GC heap before
{Heap before GC invocations=50 (full 3):
 PSYoungGen      total 19456K, used 19360K [0x00000000d5580000, 0x00000000d6980000, 0x0000000100000000)
  eden space 18944K, 100% used [0x00000000d5580000,0x00000000d6800000,0x00000000d6800000)
  from space 512K, 81% used [0x00000000d6900000,0x00000000d6968000,0x00000000d6980000)
  to   space 512K, 0% used [0x00000000d6880000,0x00000000d6880000,0x00000000d6900000)
 ParOldGen       total 68608K, used 42816K [0x0000000080000000, 0x0000000084300000, 0x00000000d5580000)
  object space 68608K, 62% used [0x0000000080000000,0x00000000829d0240,0x0000000084300000)
 Metaspace       used 65265K, committed 66816K, reserved 1114112K
  class space    used 8300K, committed 8960K, reserved 1048576K
}
Event: 20.634 GC heap after
{Heap after GC invocations=50 (full 3):
 PSYoungGen      total 19456K, used 504K [0x00000000d5580000, 0x00000000d6a00000, 0x0000000100000000)
  eden space 18944K, 0% used [0x00000000d5580000,0x00000000d5580000,0x00000000d6800000)
  from space 512K, 98% used [0x00000000d6880000,0x00000000d68fe1a8,0x00000000d6900000)
  to   space 1024K, 0% used [0x00000000d6900000,0x00000000d6900000,0x00000000d6a00000)
 ParOldGen       total 68608K, used 43053K [0x0000000080000000, 0x0000000084300000, 0x00000000d5580000)
  object space 68608K, 62% used [0x0000000080000000,0x0000000082a0b420,0x0000000084300000)
 Metaspace       used 65265K, committed 66816K, reserved 1114112K
  class space    used 8300K, committed 8960K, reserved 1048576K
}
Event: 22.066 GC heap before
{Heap before GC invocations=51 (full 3):
 PSYoungGen      total 19456K, used 19412K [0x00000000d5580000, 0x00000000d6a00000, 0x0000000100000000)
  eden space 18944K, 99% used [0x00000000d5580000,0x00000000d67f6eb8,0x00000000d6800000)
  from space 512K, 98% used [0x00000000d6880000,0x00000000d68fe1a8,0x00000000d6900000)
  to   space 1024K, 0% used [0x00000000d6900000,0x00000000d6900000,0x00000000d6a00000)
 ParOldGen       total 68608K, used 43053K [0x0000000080000000, 0x0000000084300000, 0x00000000d5580000)
  object space 68608K, 62% used [0x0000000080000000,0x0000000082a0b420,0x0000000084300000)
 Metaspace       used 65358K, committed 66880K, reserved 1114112K
  class space    used 8301K, committed 8960K, reserved 1048576K
}
Event: 22.066 GC heap after
{Heap after GC invocations=51 (full 3):
 PSYoungGen      total 19968K, used 864K [0x00000000d5580000, 0x00000000d6a00000, 0x0000000100000000)
  eden space 18944K, 0% used [0x00000000d5580000,0x00000000d5580000,0x00000000d6800000)
  from space 1024K, 84% used [0x00000000d6900000,0x00000000d69d82b0,0x00000000d6a00000)
  to   space 1024K, 0% used [0x00000000d6800000,0x00000000d6800000,0x00000000d6900000)
 ParOldGen       total 68608K, used 43526K [0x0000000080000000, 0x0000000084300000, 0x00000000d5580000)
  object space 68608K, 63% used [0x0000000080000000,0x0000000082a81a20,0x0000000084300000)
 Metaspace       used 65358K, committed 66880K, reserved 1114112K
  class space    used 8301K, committed 8960K, reserved 1048576K
}

