# JRE version: OpenJDK Runtime Environment Temurin-21.0.9+10 (21.0.9+10) (build 21.0.9+10-LTS)
# Java VM: OpenJDK 64-Bit Server VM Temurin-21.0.9+10 (21.0.9+10-LTS, mixed mode, sharing, tiered, compressed oops, compressed class ptrs, parallel gc, windows-amd64)
GC Precious Log:
 CardTable entry size: 512
 CPUs: 16 total, 16 available
 Memory: 16202M
 Large Page Support: Disabled
 NUMA Support: Disabled
 Compressed Oops: Enabled (32-bit)
 Alignments: Space 512K, Generation 512K, Heap 2M
 Heap Min Capacity: 100M
 Heap Initial Capacity: 100M
 Heap Max Capacity: 2G
 Pre-touch: Disabled
 Parallel Workers: 13
Heap:
 PSYoungGen      total 23040K, used 12361K [0x00000000d5580000, 0x00000000d7100000, 0x0000000100000000)
  eden space 22016K, 51% used [0x00000000d5580000,0x00000000d60924b0,0x00000000d6b00000)
  from space 1024K, 100% used [0x00000000d7000000,0x00000000d7100000,0x00000000d7100000)
  to   space 2048K, 0% used [0x00000000d6d00000,0x00000000d6d00000,0x00000000d6f00000)
 ParOldGen       total 68608K, used 20452K [0x0000000080000000, 0x0000000084300000, 0x00000000d5580000)
  object space 68608K, 29% used [0x0000000080000000,0x00000000813f9290,0x0000000084300000)
 Metaspace       used 42916K, committed 44032K, reserved 1114112K
  class space    used 4600K, committed 5056K, reserved 1048576K
GC Heap History (20 events):
Event: 7.198 GC heap before
{Heap before GC invocations=9 (full 1):
 PSYoungGen      total 28160K, used 4174K [0x00000000d5580000, 0x00000000d7800000, 0x0000000100000000)
  eden space 23552K, 0% used [0x00000000d5580000,0x00000000d5580000,0x00000000d6c80000)
  from space 4608K, 90% used [0x00000000d7380000,0x00000000d77938e8,0x00000000d7800000)
  to   space 5120K, 0% used [0x00000000d6e00000,0x00000000d6e00000,0x00000000d7300000)
 ParOldGen       total 68608K, used 10981K [0x0000000080000000, 0x0000000084300000, 0x00000000d5580000)
  object space 68608K, 16% used [0x0000000080000000,0x0000000080ab9698,0x0000000084300000)
 Metaspace       used 20788K, committed 21504K, reserved 1114112K
  class space    used 2124K, committed 2432K, reserved 1048576K
}
Event: 7.223 GC heap after
{Heap after GC invocations=9 (full 1):
 PSYoungGen      total 28160K, used 0K [0x00000000d5580000, 0x00000000d7800000, 0x0000000100000000)
  eden space 23552K, 0% used [0x00000000d5580000,0x00000000d5580000,0x00000000d6c80000)
  from space 4608K, 0% used [0x00000000d7380000,0x00000000d7380000,0x00000000d7800000)
  to   space 5120K, 0% used [0x00000000d6e00000,0x00000000d6e00000,0x00000000d7300000)
 ParOldGen       total 68608K, used 13629K [0x0000000080000000, 0x0000000084300000, 0x00000000d5580000)
  object space 68608K, 19% used [0x0000000080000000,0x0000000080d4f630,0x0000000084300000)
 Metaspace       used 20775K, committed 21504K, reserved 1114112K
  class space    used 2121K, committed 2432K, reserved 1048576K
}
Event: 7.455 GC heap before
{Heap before GC invocations=10 (full 1):
 PSYoungGen      total 28160K, used 23552K [0x00000000d5580000, 0x00000000d7800000, 0x0000000100000000)
  eden space 23552K, 100% used [0x00000000d5580000,0x00000000d6c80000,0x00000000d6c80000)
  from space 4608K, 0% used [0x00000000d7380000,0x00000000d7380000,0x00000000d7800000)
  to   space 5120K, 0% used [0x00000000d6e00000,0x00000000d6e00000,0x00000000d7300000)
 ParOldGen       total 68608K, used 13629K [0x0000000080000000, 0x0000000084300000, 0x00000000d5580000)
  object space 68608K, 19% used [0x0000000080000000,0x0000000080d4f630,0x0000000084300000)
 Metaspace       used 24414K, committed 25152K, reserved 1114112K
  class space    used 2403K, committed 2688K, reserved 1048576K
}
Event: 7.456 GC heap after
{Heap after GC invocations=10 (full 1):
 PSYoungGen      total 23552K, used 375K [0x00000000d5580000, 0x00000000d7400000, 0x0000000100000000)
  eden space 23040K, 0% used [0x00000000d5580000,0x00000000d5580000,0x00000000d6c00000)
  from space 512K, 73% used [0x00000000d6e00000,0x00000000d6e5dd08,0x00000000d6e80000)
  to   space 2048K, 0% used [0x00000000d7200000,0x00000000d7200000,0x00000000d7400000)
 ParOldGen       total 68608K, used 13637K [0x0000000080000000, 0x0000000084300000, 0x00000000d5580000)
  object space 68608K, 19% used [0x0000000080000000,0x0000000080d51630,0x0000000084300000)
 Metaspace       used 24414K, committed 25152K, reserved 1114112K
  class space    used 2403K, committed 2688K, reserved 1048576K
}
Event: 7.729 GC heap before
{Heap before GC invocations=11 (full 1):
 PSYoungGen      total 23552K, used 23415K [0x00000000d5580000, 0x00000000d7400000, 0x0000000100000000)
  eden space 23040K, 100% used [0x00000000d5580000,0x00000000d6c00000,0x00000000d6c00000)
  from space 512K, 73% used [0x00000000d6e00000,0x00000000d6e5dd08,0x00000000d6e80000)
  to   space 2048K, 0% used [0x00000000d7200000,0x00000000d7200000,0x00000000d7400000)
 ParOldGen       total 68608K, used 13637K [0x0000000080000000, 0x0000000084300000, 0x00000000d5580000)
  object space 68608K, 19% used [0x0000000080000000,0x0000000080d51630,0x0000000084300000)
 Metaspace       used 25591K, committed 26368K, reserved 1114112K
  class space    used 2483K, committed 2816K, reserved 1048576K
}
Event: 7.731 GC heap after
{Heap after GC invocations=11 (full 1):
 PSYoungGen      total 24576K, used 1914K [0x00000000d5580000, 0x00000000d7400000, 0x0000000100000000)
  eden space 22528K, 0% used [0x00000000d5580000,0x00000000d5580000,0x00000000d6b80000)
  from space 2048K, 93% used [0x00000000d7200000,0x00000000d73de9a0,0x00000000d7400000)
  to   space 2560K, 0% used [0x00000000d6f00000,0x00000000d6f00000,0x00000000d7180000)
 ParOldGen       total 68608K, used 14426K [0x0000000080000000, 0x0000000084300000, 0x00000000d5580000)
  object space 68608K, 21% used [0x0000000080000000,0x0000000080e16b40,0x0000000084300000)
 Metaspace       used 25591K, committed 26368K, reserved 1114112K
  class space    used 2483K, committed 2816K, reserved 1048576K
}
Event: 8.266 GC heap before
{Heap before GC invocations=12 (full 1):
 PSYoungGen      total 24576K, used 24442K [0x00000000d5580000, 0x00000000d7400000, 0x0000000100000000)
  eden space 22528K, 99% used [0x00000000d5580000,0x00000000d6b7fff8,0x00000000d6b80000)
  from space 2048K, 93% used [0x00000000d7200000,0x00000000d73de9a0,0x00000000d7400000)
  to   space 2560K, 0% used [0x00000000d6f00000,0x00000000d6f00000,0x00000000d7180000)
 ParOldGen       total 68608K, used 14428K [0x0000000080000000, 0x0000000084300000, 0x00000000d5580000)
  object space 68608K, 21% used [0x0000000080000000,0x0000000080e171c8,0x0000000084300000)
 Metaspace       used 29383K, committed 30272K, reserved 1114112K
  class space    used 2910K, committed 3264K, reserved 1048576K
}
Event: 8.268 GC heap after
{Heap after GC invocations=12 (full 1):
 PSYoungGen      total 24064K, used 1485K [0x00000000d5580000, 0x00000000d7280000, 0x0000000100000000)
  eden space 22528K, 0% used [0x00000000d5580000,0x00000000d5580000,0x00000000d6b80000)
  from space 1536K, 96% used [0x00000000d6f00000,0x00000000d7073460,0x00000000d7080000)
  to   space 2048K, 0% used [0x00000000d7080000,0x00000000d7080000,0x00000000d7280000)
 ParOldGen       total 68608K, used 16209K [0x0000000080000000, 0x0000000084300000, 0x00000000d5580000)
  object space 68608K, 23% used [0x0000000080000000,0x0000000080fd4498,0x0000000084300000)
 Metaspace       used 29383K, committed 30272K, reserved 1114112K
  class space    used 2910K, committed 3264K, reserved 1048576K
}
Event: 8.534 GC heap before
{Heap before GC invocations=13 (full 1):
 PSYoungGen      total 24064K, used 24013K [0x00000000d5580000, 0x00000000d7280000, 0x0000000100000000)
  eden space 22528K, 100% used [0x00000000d5580000,0x00000000d6b80000,0x00000000d6b80000)
  from space 1536K, 96% used [0x00000000d6f00000,0x00000000d7073460,0x00000000d7080000)
  to   space 2048K, 0% used [0x00000000d7080000,0x00000000d7080000,0x00000000d7280000)
 ParOldGen       total 68608K, used 16209K [0x0000000080000000, 0x0000000084300000, 0x00000000d5580000)
  object space 68608K, 23% used [0x0000000080000000,0x0000000080fd4758,0x0000000084300000)
 Metaspace       used 32654K, committed 33664K, reserved 1114112K
  class space    used 3311K, committed 3712K, reserved 1048576K
}
Event: 8.537 GC heap after
{Heap after GC invocations=13 (full 1):
 PSYoungGen      total 24064K, used 1701K [0x00000000d5580000, 0x00000000d7280000, 0x0000000100000000)
  eden space 22016K, 0% used [0x00000000d5580000,0x00000000d5580000,0x00000000d6b00000)
  from space 2048K, 83% used [0x00000000d7080000,0x00000000d72294c8,0x00000000d7280000)
  to   space 2048K, 0% used [0x00000000d6e80000,0x00000000d6e80000,0x00000000d7080000)
 ParOldGen       total 68608K, used 17482K [0x0000000080000000, 0x0000000084300000, 0x00000000d5580000)
  object space 68608K, 25% used [0x0000000080000000,0x0000000081112930,0x0000000084300000)
 Metaspace       used 32654K, committed 33664K, reserved 1114112K
  class space    used 3311K, committed 3712K, reserved 1048576K
}
Event: 8.773 GC heap before
{Heap before GC invocations=14 (full 1):
 PSYoungGen      total 24064K, used 22336K [0x00000000d5580000, 0x00000000d7280000, 0x0000000100000000)
  eden space 22016K, 93% used [0x00000000d5580000,0x00000000d69a6d68,0x00000000d6b00000)
  from space 2048K, 83% used [0x00000000d7080000,0x00000000d72294c8,0x00000000d7280000)
  to   space 2048K, 0% used [0x00000000d6e80000,0x00000000d6e80000,0x00000000d7080000)
 ParOldGen       total 68608K, used 17482K [0x0000000080000000, 0x0000000084300000, 0x00000000d5580000)
  object space 68608K, 25% used [0x0000000080000000,0x0000000081112930,0x0000000084300000)
 Metaspace       used 34915K, committed 35840K, reserved 1114112K
  class space    used 3568K, committed 3968K, reserved 1048576K
}
Event: 8.776 GC heap after
{Heap after GC invocations=14 (full 1):
 PSYoungGen      total 24064K, used 1776K [0x00000000d5580000, 0x00000000d7100000, 0x0000000100000000)
  eden space 22016K, 0% used [0x00000000d5580000,0x00000000d5580000,0x00000000d6b00000)
  from space 2048K, 86% used [0x00000000d6e80000,0x00000000d703c010,0x00000000d7080000)
  to   space 512K, 0% used [0x00000000d7080000,0x00000000d7080000,0x00000000d7100000)
 ParOldGen       total 68608K, used 18852K [0x0000000080000000, 0x0000000084300000, 0x00000000d5580000)
  object space 68608K, 27% used [0x0000000080000000,0x0000000081269100,0x0000000084300000)
 Metaspace       used 34915K, committed 35840K, reserved 1114112K
  class space    used 3568K, committed 3968K, reserved 1048576K
}
Event: 8.776 GC heap before
{Heap before GC invocations=15 (full 2):
 PSYoungGen      total 24064K, used 1776K [0x00000000d5580000, 0x00000000d7100000, 0x0000000100000000)
  eden space 22016K, 0% used [0x00000000d5580000,0x00000000d5580000,0x00000000d6b00000)
  from space 2048K, 86% used [0x00000000d6e80000,0x00000000d703c010,0x00000000d7080000)
  to   space 512K, 0% used [0x00000000d7080000,0x00000000d7080000,0x00000000d7100000)
 ParOldGen       total 68608K, used 18852K [0x0000000080000000, 0x0000000084300000, 0x00000000d5580000)
  object space 68608K, 27% used [0x0000000080000000,0x0000000081269100,0x0000000084300000)
 Metaspace       used 34915K, committed 35840K, reserved 1114112K
  class space    used 3568K, committed 3968K, reserved 1048576K
}
Event: 8.805 GC heap after
{Heap after GC invocations=15 (full 2):
 PSYoungGen      total 24064K, used 0K [0x00000000d5580000, 0x00000000d7100000, 0x0000000100000000)
  eden space 22016K, 0% used [0x00000000d5580000,0x00000000d5580000,0x00000000d6b00000)
  from space 2048K, 0% used [0x00000000d6e80000,0x00000000d6e80000,0x00000000d7080000)
  to   space 512K, 0% used [0x00000000d7080000,0x00000000d7080000,0x00000000d7100000)
 ParOldGen       total 68608K, used 19076K [0x0000000080000000, 0x0000000084300000, 0x00000000d5580000)
  object space 68608K, 27% used [0x0000000080000000,0x00000000812a1290,0x0000000084300000)
 Metaspace       used 34915K, committed 35840K, reserved 1114112K
  class space    used 3568K, committed 3968K, reserved 1048576K
}
Event: 9.205 GC heap before
{Heap before GC invocations=16 (full 2):
 PSYoungGen      total 24064K, used 22015K [0x00000000d5580000, 0x00000000d7100000, 0x0000000100000000)
  eden space 22016K, 99% used [0x00000000d5580000,0x00000000d6affff0,0x00000000d6b00000)
  from space 2048K, 0% used [0x00000000d6e80000,0x00000000d6e80000,0x00000000d7080000)
  to   space 512K, 0% used [0x00000000d7080000,0x00000000d7080000,0x00000000d7100000)
 ParOldGen       total 68608K, used 19076K [0x0000000080000000, 0x0000000084300000, 0x00000000d5580000)
  object space 68608K, 27% used [0x0000000080000000,0x00000000812a1290,0x0000000084300000)
 Metaspace       used 37036K, committed 38080K, reserved 1114112K
  class space    used 3863K, committed 4288K, reserved 1048576K
}
Event: 9.207 GC heap after
{Heap after GC invocations=16 (full 2):
 PSYoungGen      total 22528K, used 499K [0x00000000d5580000, 0x00000000d7100000, 0x0000000100000000)
  eden space 22016K, 0% used [0x00000000d5580000,0x00000000d5580000,0x00000000d6b00000)
  from space 512K, 97% used [0x00000000d7080000,0x00000000d70fcf50,0x00000000d7100000)
  to   space 1536K, 0% used [0x00000000d6e00000,0x00000000d6e00000,0x00000000d6f80000)
 ParOldGen       total 68608K, used 19388K [0x0000000080000000, 0x0000000084300000, 0x00000000d5580000)
  object space 68608K, 28% used [0x0000000080000000,0x00000000812ef290,0x0000000084300000)
 Metaspace       used 37036K, committed 38080K, reserved 1114112K
  class space    used 3863K, committed 4288K, reserved 1048576K
}
Event: 9.660 GC heap before
{Heap before GC invocations=17 (full 2):
 PSYoungGen      total 22528K, used 22515K [0x00000000d5580000, 0x00000000d7100000, 0x0000000100000000)
  eden space 22016K, 100% used [0x00000000d5580000,0x00000000d6b00000,0x00000000d6b00000)
  from space 512K, 97% used [0x00000000d7080000,0x00000000d70fcf50,0x00000000d7100000)
  to   space 1536K, 0% used [0x00000000d6e00000,0x00000000d6e00000,0x00000000d6f80000)
 ParOldGen       total 68608K, used 19388K [0x0000000080000000, 0x0000000084300000, 0x00000000d5580000)
  object space 68608K, 28% used [0x0000000080000000,0x00000000812ef290,0x0000000084300000)
 Metaspace       used 39127K, committed 40128K, reserved 1114112K
  class space    used 4122K, committed 4544K, reserved 1048576K
}
Event: 9.662 GC heap after
{Heap after GC invocations=17 (full 2):
 PSYoungGen      total 23552K, used 864K [0x00000000d5580000, 0x00000000d7100000, 0x0000000100000000)
  eden space 22016K, 0% used [0x00000000d5580000,0x00000000d5580000,0x00000000d6b00000)
  from space 1536K, 56% used [0x00000000d6e00000,0x00000000d6ed8000,0x00000000d6f80000)
  to   space 1024K, 0% used [0x00000000d7000000,0x00000000d7000000,0x00000000d7100000)
 ParOldGen       total 68608K, used 19812K [0x0000000080000000, 0x0000000084300000, 0x00000000d5580000)
  object space 68608K, 28% used [0x0000000080000000,0x0000000081359290,0x0000000084300000)
 Metaspace       used 39127K, committed 40128K, reserved 1114112K
  class space    used 4122K, committed 4544K, reserved 1048576K
}
Event: 10.116 GC heap before
{Heap before GC invocations=18 (full 2):
 PSYoungGen      total 23552K, used 22879K [0x00000000d5580000, 0x00000000d7100000, 0x0000000100000000)
  eden space 22016K, 99% used [0x00000000d5580000,0x00000000d6affff0,0x00000000d6b00000)
  from space 1536K, 56% used [0x00000000d6e00000,0x00000000d6ed8000,0x00000000d6f80000)
  to   space 1024K, 0% used [0x00000000d7000000,0x00000000d7000000,0x00000000d7100000)
 ParOldGen       total 68608K, used 19812K [0x0000000080000000, 0x0000000084300000, 0x00000000d5580000)
  object space 68608K, 28% used [0x0000000080000000,0x0000000081359290,0x0000000084300000)
 Metaspace       used 41634K, committed 42688K, reserved 1114112K
  class space    used 4443K, committed 4928K, reserved 1048576K
}
Event: 10.118 GC heap after
{Heap after GC invocations=18 (full 2):
 PSYoungGen      total 23040K, used 1024K [0x00000000d5580000, 0x00000000d7100000, 0x0000000100000000)
  eden space 22016K, 0% used [0x00000000d5580000,0x00000000d5580000,0x00000000d6b00000)
  from space 1024K, 100% used [0x00000000d7000000,0x00000000d7100000,0x00000000d7100000)
  to   space 2048K, 0% used [0x00000000d6d00000,0x00000000d6d00000,0x00000000d6f00000)
 ParOldGen       total 68608K, used 20452K [0x0000000080000000, 0x0000000084300000, 0x00000000d5580000)
  object space 68608K, 29% used [0x0000000080000000,0x00000000813f9290,0x0000000084300000)
 Metaspace       used 41634K, committed 42688K, reserved 1114112K
  class space    used 4443K, committed 4928K, reserved 1048576K
}

